<?xml version="1.0" encoding="UTF-8"?>
<!-- Generated by org.testng.reporters.JUnitReportReporter -->
<testsuite hostname="DESKTOP-7D7SDGE" failures="0" tests="1" name="runner.EditWTGRunner" time="35.621" errors="0" timestamp="2024-06-25T11:41:42 IST" skipped="0">
  <testcase classname="runner.EditWTGRunner" name="runScenario" time="35.621"/>
  <system-out/>
</testsuite> <!-- runner.EditWTGRunner -->
