<?xml version="1.0" encoding="UTF-8"?>
<!-- Generated by org.testng.reporters.JUnitReportReporter -->
<testsuite hostname="DESKTOP-7D7SDGE" failures="0" tests="1" name="runner.RunnerFile" time="37.529" errors="0" timestamp="2024-06-24T20:07:08 IST" skipped="0">
  <testcase classname="runner.RunnerFile" name="runScenario" time="37.529"/>
  <system-out/>
</testsuite> <!-- runner.RunnerFile -->
